200609 203825.365|CONFIG|main|setFileHandlers|Now logging to D:\C++\DataStructure\pc2Client - Copy (2)\bin\logs directory.
200609 203825.367|INFO|main|info|
200609 203825.369|INFO|main|info|Version 9.6.0 20190102 (Wednesday, January 2nd 2019 01:20 UTC) Java ver 1.8.0_231 build 5102 Windows 10 10.0 (amd64) 
200609 203825.370|INFO|main|startLog|Working directory is D:\C++\DataStructure\pc2Client - Copy (2)\bin
200609 203825.380|INFO|main|startLog|Process id is 17360@DESKTOP-MKVEK3F
200609 203825.380|INFO|main|start|Starting ConnectionManager...
200609 203825.776|INFO|main|start|Started ConnectionManager
200609 203825.777|INFO|main|setClientServerAndPort|INIFile File location: file:/D:/C++/DataStructure/pc2Client%20-%20Copy%20(2)/bin/pc2v9.ini
200609 203825.777|INFO|main|setClientServerAndPort|setClientServerAndPort 203.162.88.119 parsed as 203.162.88.119 port 52002
200609 203825.777|INFO|main|info|Contacting server at 203.162.88.119:52002
200609 203825.778|INFO|main|connectToMyServer|Connecting to 203.162.88.119:52002
200609 203825.932|INFO|Thread-1|receiveUnencrypted|receiveUnencrypted(TransportWrapper, ConnectionHandlerID=Socket[addr=/203.162.88.119,port=52002,localport=61745]-4296962497677021498)
200609 203826.390|INFO|Thread-1|receiveUnencrypted|receiveUnencrypted Made a secret key for Socket[addr=/203.162.88.119,port=52002,localport=61745]-4296962497677021498 key is com.sun.crypto.provider.DESKey@fffe7bbf
200609 203826.390|INFO|Thread-1|getPublicKeyPacket|Generating Unencrypted Public Key Packet
200609 203826.391|INFO|Thread-1|getPublicKeyPacket|checking key:= SunJCE Diffie-Hellman Public Key:
y:
    abdf4d68 b2c933b5 d778a48a fa0e4cd5 bb14b215 3cfc5694 a8869198 2ecbba58
    977e9441 1e4a08ba f2e30d99 e7962e6b 6b736d7c c8a4abaf f8b86a36 ba78259d
    89778ad4 3871b93b 94ff3c37 124aaa90 4317711d 13422e65 39a7becd 16824a6f
    024e4e7e 7d94f958 f00cbf7b b1146c7a 6da31e3a 68e2611f 02fd1088 cf8e0913
p:
    f488fd58 4e49dbcd 20b49de4 9107366b 336c380d 451d0f7c 88b31c7c 5b2d8ef6
    f3c923c0 43f0a55b 188d8ebb 558cb85d 38d334fd 7c175743 a31d186c de33212c
    b52aff3c e1b12940 18118d7c 84a70a72 d686c403 19c80729 7aca950c d9969fab
    d00a509b 0246d308 3d66a45d 419f9c7c bd894b22 1926baab a25ec355 e92f78c7
g:
    02
l:
    512
200609 203826.392|INFO|Thread-1|getPublicKeyPacket|packet:= edu.csus.ecs.pc2.core.transport.TransportWrapper@7880978b
200609 224154.178|INFO|Thread-1|receive|Exception in receive for Socket[addr=/203.162.88.119,port=52002,localport=61745]-4296962497677021498
|java.net.SocketTimeoutException: Read timed out
|    at java.net.SocketInputStream.socketRead0 (Unknown Source)
|    at java.net.SocketInputStream.socketRead (Unknown Source)
|    at java.net.SocketInputStream.read (Unknown Source)
|    at java.net.SocketInputStream.read (Unknown Source)
|    at java.net.SocketInputStream.read (Unknown Source)
|    at java.io.ObjectInputStream$PeekInputStream.peek (Unknown Source)
|    at java.io.ObjectInputStream$BlockDataInputStream.peek (Unknown Source)
|    at java.io.ObjectInputStream$BlockDataInputStream.peekByte (Unknown Source)
|    at java.io.ObjectInputStream.readObject0 (Unknown Source)
|    at java.io.ObjectInputStream.readObject (Unknown Source)
|    at edu.csus.ecs.pc2.core.transport.ConnectionHandlerThread.receive (ConnectionHandlerThread.java:151)
|    at edu.csus.ecs.pc2.core.transport.ConnectionHandlerClientThread.run (ConnectionHandlerClientThread.java:65)
200609 224158.725|FINER|Thread-1|run|THROW
|edu.csus.ecs.pc2.core.transport.TransportException: Read timed out
|    at edu.csus.ecs.pc2.core.transport.ConnectionHandlerThread.receive (ConnectionHandlerThread.java:161)
|    at edu.csus.ecs.pc2.core.transport.ConnectionHandlerClientThread.run (ConnectionHandlerClientThread.java:65)
200609 224158.727|INFO|Thread-1|receive|SocketException in receive for Socket[addr=/203.162.88.119,port=52002,localport=61745]-4296962497677021498
|java.net.SocketException: Connection reset
|    at java.net.SocketInputStream.read (Unknown Source)
|    at java.net.SocketInputStream.read (Unknown Source)
|    at java.net.SocketInputStream.read (Unknown Source)
|    at java.io.ObjectInputStream$PeekInputStream.peek (Unknown Source)
|    at java.io.ObjectInputStream$BlockDataInputStream.peek (Unknown Source)
|    at java.io.ObjectInputStream$BlockDataInputStream.peekByte (Unknown Source)
|    at java.io.ObjectInputStream.readObject0 (Unknown Source)
|    at java.io.ObjectInputStream.readObject (Unknown Source)
|    at edu.csus.ecs.pc2.core.transport.ConnectionHandlerThread.receive (ConnectionHandlerThread.java:151)
|    at edu.csus.ecs.pc2.core.transport.ConnectionHandlerClientThread.run (ConnectionHandlerClientThread.java:65)
200609 224158.728|FINER|Thread-1|run|THROW
|edu.csus.ecs.pc2.core.transport.TransportException: Connection reset
|    at edu.csus.ecs.pc2.core.transport.ConnectionHandlerThread.receive (ConnectionHandlerThread.java:155)
|    at edu.csus.ecs.pc2.core.transport.ConnectionHandlerClientThread.run (ConnectionHandlerClientThread.java:65)
