200614 150702.983|CONFIG|main|setFileHandlers|Now logging to D:\C++\DataStructure\pc2Client - Copy (2)\bin\logs directory.
200614 150702.984|INFO|main|info|
200614 150702.989|INFO|main|info|Version 9.6.0 20190102 (Wednesday, January 2nd 2019 01:20 UTC) Java ver 1.8.0_231 build 5102 Windows 10 10.0 (amd64) 
200614 150702.990|INFO|main|startLog|Working directory is D:\C++\DataStructure\pc2Client - Copy (2)\bin
200614 150703.004|INFO|main|startLog|Process id is 8756@DESKTOP-MKVEK3F
200614 150703.004|INFO|main|start|Starting ConnectionManager...
200614 150703.455|INFO|main|start|Started ConnectionManager
200614 150703.460|INFO|main|setClientServerAndPort|INIFile File location: file:/D:/C++/DataStructure/pc2Client%20-%20Copy%20(2)/bin/pc2v9.ini
200614 150703.460|INFO|main|setClientServerAndPort|setClientServerAndPort 203.162.88.119 parsed as 203.162.88.119 port 52002
200614 150703.460|INFO|main|info|Contacting server at 203.162.88.119:52002
200614 150703.461|INFO|main|connectToMyServer|Connecting to 203.162.88.119:52002
200614 150703.673|INFO|Thread-1|receiveUnencrypted|receiveUnencrypted(TransportWrapper, ConnectionHandlerID=Socket[addr=/203.162.88.119,port=52002,localport=51858]--906267211038255301)
200614 150704.170|INFO|Thread-1|receiveUnencrypted|receiveUnencrypted Made a secret key for Socket[addr=/203.162.88.119,port=52002,localport=51858]--906267211038255301 key is com.sun.crypto.provider.DESKey@fffe7bb3
200614 150704.171|INFO|Thread-1|getPublicKeyPacket|Generating Unencrypted Public Key Packet
200614 150704.171|INFO|Thread-1|getPublicKeyPacket|checking key:= SunJCE Diffie-Hellman Public Key:
y:
    635017f8 aa095728 0b881612 6637958f b624428d 60929390 e367da96 1552577f
    f1b02907 2a8015d3 4ad30a9d ac3c51ba 0956f2a4 9053d736 027c6ac5 53f5b476
    34b36493 99c2e390 4be1132c 337303e2 077731b2 44ba2b89 fd777300 da1d9f9e
    cfc9b26a 3bef974f eb013e26 0f240e25 270d89ce f9431ba9 05611a66 88397a3c
p:
    f488fd58 4e49dbcd 20b49de4 9107366b 336c380d 451d0f7c 88b31c7c 5b2d8ef6
    f3c923c0 43f0a55b 188d8ebb 558cb85d 38d334fd 7c175743 a31d186c de33212c
    b52aff3c e1b12940 18118d7c 84a70a72 d686c403 19c80729 7aca950c d9969fab
    d00a509b 0246d308 3d66a45d 419f9c7c bd894b22 1926baab a25ec355 e92f78c7
g:
    02
l:
    512
200614 150704.172|INFO|Thread-1|getPublicKeyPacket|packet:= edu.csus.ecs.pc2.core.transport.TransportWrapper@32653528
200614 163309.153|INFO|Thread-1|receive|Exception in receive for Socket[addr=/203.162.88.119,port=52002,localport=51858]--906267211038255301
|java.net.SocketTimeoutException: Read timed out
|    at java.net.SocketInputStream.socketRead0 (Unknown Source)
|    at java.net.SocketInputStream.socketRead (Unknown Source)
|    at java.net.SocketInputStream.read (Unknown Source)
|    at java.net.SocketInputStream.read (Unknown Source)
|    at java.net.SocketInputStream.read (Unknown Source)
|    at java.io.ObjectInputStream$PeekInputStream.peek (Unknown Source)
|    at java.io.ObjectInputStream$BlockDataInputStream.peek (Unknown Source)
|    at java.io.ObjectInputStream$BlockDataInputStream.peekByte (Unknown Source)
|    at java.io.ObjectInputStream.readObject0 (Unknown Source)
|    at java.io.ObjectInputStream.readObject (Unknown Source)
|    at edu.csus.ecs.pc2.core.transport.ConnectionHandlerThread.receive (ConnectionHandlerThread.java:151)
|    at edu.csus.ecs.pc2.core.transport.ConnectionHandlerClientThread.run (ConnectionHandlerClientThread.java:65)
200614 163309.154|FINER|Thread-1|run|THROW
|edu.csus.ecs.pc2.core.transport.TransportException: Read timed out
|    at edu.csus.ecs.pc2.core.transport.ConnectionHandlerThread.receive (ConnectionHandlerThread.java:161)
|    at edu.csus.ecs.pc2.core.transport.ConnectionHandlerClientThread.run (ConnectionHandlerClientThread.java:65)
200614 163309.155|INFO|Thread-1|receive|SocketException in receive for Socket[addr=/203.162.88.119,port=52002,localport=51858]--906267211038255301
|java.net.SocketException: Connection reset
|    at java.net.SocketInputStream.read (Unknown Source)
|    at java.net.SocketInputStream.read (Unknown Source)
|    at java.net.SocketInputStream.read (Unknown Source)
|    at java.io.ObjectInputStream$PeekInputStream.peek (Unknown Source)
|    at java.io.ObjectInputStream$BlockDataInputStream.peek (Unknown Source)
|    at java.io.ObjectInputStream$BlockDataInputStream.peekByte (Unknown Source)
|    at java.io.ObjectInputStream.readObject0 (Unknown Source)
|    at java.io.ObjectInputStream.readObject (Unknown Source)
|    at edu.csus.ecs.pc2.core.transport.ConnectionHandlerThread.receive (ConnectionHandlerThread.java:151)
|    at edu.csus.ecs.pc2.core.transport.ConnectionHandlerClientThread.run (ConnectionHandlerClientThread.java:65)
200614 163309.155|FINER|Thread-1|run|THROW
|edu.csus.ecs.pc2.core.transport.TransportException: Connection reset
|    at edu.csus.ecs.pc2.core.transport.ConnectionHandlerThread.receive (ConnectionHandlerThread.java:155)
|    at edu.csus.ecs.pc2.core.transport.ConnectionHandlerClientThread.run (ConnectionHandlerClientThread.java:65)
